Flow report for BIU_MEM
Thu Aug 22 09:57:53 2019
Quartus II Version 9.1 Build 350 03/24/2010 Service Pack 2 SJ Web Edition


---------------------
; Table of Contents ;
---------------------
  1. Legal Notice
  2. Flow Summary
  3. Flow Settings
  4. Flow Non-Default Global Settings
  5. Flow Elapsed Time
  6. Flow OS Summary
  7. Flow Log



----------------
; Legal Notice ;
----------------
Copyright (C) 1991-2010 Altera Corporation
Your use of Altera Corporation's design tools, logic functions 
and other software and tools, and its AMPP partner logic 
functions, and any output files from any of the foregoing 
(including device programming or simulation files), and any 
associated documentation or information are expressly subject 
to the terms and conditions of the Altera Program License 
Subscription Agreement, Altera MegaCore Function License 
Agreement, or other applicable license agreement, including, 
without limitation, that your use is for the sole purpose of 
programming logic devices manufactured by Altera and sold by 
Altera or its authorized distributors.  Please refer to the 
applicable agreement for further details.



+-----------------------------------------------------------------------------------+
; Flow Summary                                                                      ;
+------------------------------------+----------------------------------------------+
; Flow Status                        ; Successful - Thu Aug 22 09:57:52 2019        ;
; Quartus II Version                 ; 9.1 Build 350 03/24/2010 SP 2 SJ Web Edition ;
; Revision Name                      ; BIU_MEM                                      ;
; Top-level Entity Name              ; IMEM                                         ;
; Family                             ; Cyclone III                                  ;
; Device                             ; EP3C16Q240C8                                 ;
; Timing Models                      ; Final                                        ;
; Met timing requirements            ; N/A                                          ;
; Total logic elements               ; 0 / 15,408 ( 0 % )                           ;
;     Total combinational functions  ; 0 / 15,408 ( 0 % )                           ;
;     Dedicated logic registers      ; 0 / 15,408 ( 0 % )                           ;
; Total registers                    ; 0                                            ;
; Total pins                         ; 43 / 161 ( 27 % )                            ;
; Total virtual pins                 ; 0                                            ;
; Total memory bits                  ; 32,768 / 516,096 ( 6 % )                     ;
; Embedded Multiplier 9-bit elements ; 0 / 112 ( 0 % )                              ;
; Total PLLs                         ; 0 / 4 ( 0 % )                                ;
+------------------------------------+----------------------------------------------+


+-----------------------------------------+
; Flow Settings                           ;
+-------------------+---------------------+
; Option            ; Setting             ;
+-------------------+---------------------+
; Start date & time ; 08/22/2019 09:57:30 ;
; Main task         ; Compilation         ;
; Revision Name     ; BIU_MEM             ;
+-------------------+---------------------+


+-------------------------------------------------------------------------------------------------------------------+
; Flow Non-Default Global Settings                                                                                  ;
+------------------------------------+-------------------------------+---------------+-------------+----------------+
; Assignment Name                    ; Value                         ; Default Value ; Entity Name ; Section Id     ;
+------------------------------------+-------------------------------+---------------+-------------+----------------+
; COMPILER_SIGNATURE_ID              ; 1099350532837.156643904906472 ; --            ; --          ; --             ;
; IP_TOOL_NAME                       ; LPM_ROM                       ; --            ; --          ; --             ;
; IP_TOOL_VERSION                    ; 9.1                           ; --            ; --          ; --             ;
; MAX_CORE_JUNCTION_TEMP             ; 85                            ; --            ; --          ; --             ;
; MIN_CORE_JUNCTION_TEMP             ; 0                             ; --            ; --          ; --             ;
; MISC_FILE                          ; lpm_rom0.tdf                  ; --            ; --          ; --             ;
; MISC_FILE                          ; lpm_rom0.bsf                  ; --            ; --          ; --             ;
; MISC_FILE                          ; lpm_rom0.inc                  ; --            ; --          ; --             ;
; NOMINAL_CORE_SUPPLY_VOLTAGE        ; 1.2V                          ; --            ; --          ; --             ;
; PARTITION_COLOR                    ; 16764057                      ; --            ; IMEM        ; Top            ;
; PARTITION_NETLIST_TYPE             ; SOURCE                        ; --            ; IMEM        ; Top            ;
; TOP_LEVEL_ENTITY                   ; IMEM                          ; BIU_MEM       ; --          ; --             ;
; USE_GENERATED_PHYSICAL_CONSTRAINTS ; Off                           ; --            ; --          ; eda_blast_fpga ;
+------------------------------------+-------------------------------+---------------+-------------+----------------+


+-------------------------------------------------------------------------------------------------------------------------------+
; Flow Elapsed Time                                                                                                             ;
+---------------------------+--------------+-------------------------+---------------------+------------------------------------+
; Module Name               ; Elapsed Time ; Average Processors Used ; Peak Virtual Memory ; Total CPU Time (on all processors) ;
+---------------------------+--------------+-------------------------+---------------------+------------------------------------+
; Analysis & Synthesis      ; 00:00:05     ; 1.0                     ; 270 MB              ; 00:00:06                           ;
; Fitter                    ; 00:00:11     ; 1.0                     ; 333 MB              ; 00:00:14                           ;
; TimeQuest Timing Analyzer ; 00:00:04     ; 1.0                     ; 300 MB              ; 00:00:04                           ;
; Assembler                 ; 00:00:03     ; 1.0                     ; 271 MB              ; 00:00:03                           ;
; Total                     ; 00:00:20     ; --                      ; --                  ; 00:00:24                           ;
+---------------------------+--------------+-------------------------+---------------------+------------------------------------+


+--------------------------------------------------------------------------------------------+
; Flow OS Summary                                                                            ;
+---------------------------+------------------+---------------+------------+----------------+
; Module Name               ; Machine Hostname ; OS Name       ; OS Version ; Processor type ;
+---------------------------+------------------+---------------+------------+----------------+
; Analysis & Synthesis      ; LAPTOP-B7TU2G17  ; Windows Vista ; 6.2        ; x86_64         ;
; Fitter                    ; LAPTOP-B7TU2G17  ; Windows Vista ; 6.2        ; x86_64         ;
; Assembler                 ; LAPTOP-B7TU2G17  ; Windows Vista ; 6.2        ; x86_64         ;
; TimeQuest Timing Analyzer ; LAPTOP-B7TU2G17  ; Windows Vista ; 6.2        ; x86_64         ;
+---------------------------+------------------+---------------+------------+----------------+


------------
; Flow Log ;
------------
quartus_map --read_settings_files=on --write_settings_files=off BIU_MEM -c BIU_MEM
quartus_fit --read_settings_files=off --write_settings_files=off BIU_MEM -c BIU_MEM
quartus_asm --read_settings_files=off --write_settings_files=off BIU_MEM -c BIU_MEM
quartus_sta BIU_MEM -c BIU_MEM



